<?xml version="1.0" encoding="utf-8"?><testsuites><testsuite name="pytest" errors="3" failures="0" skipped="1" tests="13" time="46.396" timestamp="2024-10-02T15:12:49.801738+05:30" hostname="DESKTOP-HL0US6L"><testcase classname="SampleTestCases.test_sample1" name="test_demo_sample1" time="0.006" /><testcase classname="SampleTestCases.test_sample1" name="test_demo_sample2" time="0.002"><skipped type="pytest.skip" message="unconditional skip">C:\Users\palka\PycharmProjects\pythonProject_Pytest_Examples\SampleTestCases\test_sample1.py:7: unconditional skip</skipped></testcase><testcase classname="SampleTestCases.test_sample2" name="test_demo_testcase1" time="0.004" /><testcase classname="SampleTestCases.test_sample2" name="test_demo_testcase2" time="0.002" /><testcase classname="SampleTestCases.test_sample2" name="test_demo_testcase3" time="0.002" /><testcase classname="SampleTestCases_TwoBrowser.Test_Forgotten_passward_Case.Test_forgotten_passward" name="test_forgotten_passward" time="0.005"><error message="failed on setup with &quot;file C:\Users\palka\PycharmProjects\pythonProject_Pytest_Examples\SampleTestCases_TwoBrowser\Test_Forgotten_passward_Case.py, line 7&#10;      def test_forgotten_passward(self,setup_teardown):&#10;E       fixture 'setup_teardown' not found&#10;&gt;       available fixtures: cache, capfd, capfdbinary, caplog, capsys, capsysbinary, doctest_namespace, extra, extras, include_metadata_in_junit_xml, metadata, monkeypatch, pytestconfig, record_property, record_testsuite_property, record_xml_attribute, recwarn, setup_and_teardown, tmp_path, tmp_path_factory, tmpdir, tmpdir_factory&#10;&gt;       use 'pytest --fixtures [testpath]' for help on them.&#10;&#10;C:\Users\palka\PycharmProjects\pythonProject_Pytest_Examples\SampleTestCases_TwoBrowser\Test_Forgotten_passward_Case.py:7&quot;">file C:\Users\palka\PycharmProjects\pythonProject_Pytest_Examples\SampleTestCases_TwoBrowser\Test_Forgotten_passward_Case.py, line 7
      def test_forgotten_passward(self,setup_teardown):
E       fixture 'setup_teardown' not found
&gt;       available fixtures: cache, capfd, capfdbinary, caplog, capsys, capsysbinary, doctest_namespace, extra, extras, include_metadata_in_junit_xml, metadata, monkeypatch, pytestconfig, record_property, record_testsuite_property, record_xml_attribute, recwarn, setup_and_teardown, tmp_path, tmp_path_factory, tmpdir, tmpdir_factory
&gt;       use 'pytest --fixtures [testpath]' for help on them.

C:\Users\palka\PycharmProjects\pythonProject_Pytest_Examples\SampleTestCases_TwoBrowser\Test_Forgotten_passward_Case.py:7</error></testcase><testcase classname="SampleTestCases_TwoBrowser.Test_LoginCase1.Test_Login_Page" name="test_login" time="0.001"><error message="failed on setup with &quot;file C:\Users\palka\PycharmProjects\pythonProject_Pytest_Examples\SampleTestCases_TwoBrowser\Test_LoginCase1.py, line 9&#10;      def test_login(self,setup_teardown):&#10;E       fixture 'setup_teardown' not found&#10;&gt;       available fixtures: cache, capfd, capfdbinary, caplog, capsys, capsysbinary, doctest_namespace, extra, extras, include_metadata_in_junit_xml, metadata, monkeypatch, pytestconfig, record_property, record_testsuite_property, record_xml_attribute, recwarn, setup_and_teardown, tmp_path, tmp_path_factory, tmpdir, tmpdir_factory&#10;&gt;       use 'pytest --fixtures [testpath]' for help on them.&#10;&#10;C:\Users\palka\PycharmProjects\pythonProject_Pytest_Examples\SampleTestCases_TwoBrowser\Test_LoginCase1.py:9&quot;">file C:\Users\palka\PycharmProjects\pythonProject_Pytest_Examples\SampleTestCases_TwoBrowser\Test_LoginCase1.py, line 9
      def test_login(self,setup_teardown):
E       fixture 'setup_teardown' not found
&gt;       available fixtures: cache, capfd, capfdbinary, caplog, capsys, capsysbinary, doctest_namespace, extra, extras, include_metadata_in_junit_xml, metadata, monkeypatch, pytestconfig, record_property, record_testsuite_property, record_xml_attribute, recwarn, setup_and_teardown, tmp_path, tmp_path_factory, tmpdir, tmpdir_factory
&gt;       use 'pytest --fixtures [testpath]' for help on them.

C:\Users\palka\PycharmProjects\pythonProject_Pytest_Examples\SampleTestCases_TwoBrowser\Test_LoginCase1.py:9</error></testcase><testcase classname="SampleTestCases_TwoBrowser.Test_LoginCase1.Test_Login_Page" name="test_create_new_account" time="0.001"><error message="failed on setup with &quot;file C:\Users\palka\PycharmProjects\pythonProject_Pytest_Examples\SampleTestCases_TwoBrowser\Test_LoginCase1.py, line 15&#10;      def test_create_new_account(self,setup_teardown):&#10;E       fixture 'setup_teardown' not found&#10;&gt;       available fixtures: cache, capfd, capfdbinary, caplog, capsys, capsysbinary, doctest_namespace, extra, extras, include_metadata_in_junit_xml, metadata, monkeypatch, pytestconfig, record_property, record_testsuite_property, record_xml_attribute, recwarn, setup_and_teardown, tmp_path, tmp_path_factory, tmpdir, tmpdir_factory&#10;&gt;       use 'pytest --fixtures [testpath]' for help on them.&#10;&#10;C:\Users\palka\PycharmProjects\pythonProject_Pytest_Examples\SampleTestCases_TwoBrowser\Test_LoginCase1.py:15&quot;">file C:\Users\palka\PycharmProjects\pythonProject_Pytest_Examples\SampleTestCases_TwoBrowser\Test_LoginCase1.py, line 15
      def test_create_new_account(self,setup_teardown):
E       fixture 'setup_teardown' not found
&gt;       available fixtures: cache, capfd, capfdbinary, caplog, capsys, capsysbinary, doctest_namespace, extra, extras, include_metadata_in_junit_xml, metadata, monkeypatch, pytestconfig, record_property, record_testsuite_property, record_xml_attribute, recwarn, setup_and_teardown, tmp_path, tmp_path_factory, tmpdir, tmpdir_factory
&gt;       use 'pytest --fixtures [testpath]' for help on them.

C:\Users\palka\PycharmProjects\pythonProject_Pytest_Examples\SampleTestCases_TwoBrowser\Test_LoginCase1.py:15</error></testcase><testcase classname="SampleTestPractice_facebook.Test_Forgotten_Passward.Test_Demo" name="test_forgotten_account" time="11.691" /><testcase classname="SampleTestPractice_facebook.Test_Login.Test_Login_Page" name="test_login[Neha-123]" time="7.049" /><testcase classname="SampleTestPractice_facebook.Test_Login.Test_Login_Page" name="test_login[Deepi-1234]" time="9.146" /><testcase classname="SampleTestPractice_facebook.Test_Login.Test_Login_Page" name="test_login[Swapnil-12345]" time="9.133" /><testcase classname="SampleTestPractice_facebook.Test_Login.Test_Login_Page" name="test_create_new_account" time="9.081" /></testsuite></testsuites>